54
275 798 7299 5963 2712 5195 2719 8872 8351 1602 6895 6613 8599 1668 7652 
331 5059 883 5195 8872 7986 1602 2736 7846 9059 1649 3023 6613 5962 2 2962 
462 9791 964 1475 883 5195 2719 8872 8351 7986 6067 1299 5925 6613 2962 
297 1330 9749 7402 2594 1105 883 5195 8872 8351 7986 1602 2736 2274 2 
490 4457 5525 2719 8872 7986 1602 2736 5714 9059 5078 1649 8512 7087 1429 2 
189 1407 7078 3422 5195 2719 7986 1602 9059 5078 6189 3023 6613 7987 1668 2 2962 
411 5450 3588 5195 2719 8351 1602 5714 7846 9059 1649 2704 6613 1429 1668 2 2962 
431 7330 6035 278 883 5195 2719 8872 7986 1602 1956 2274 1299 3842 6613 925 9139 
116 5144 1075 7904 2779 1107 2719 8351 7986 1602 1956 6895 1299 3023 6613 1429 2 
341 7930 1933 883 2719 8351 7986 1602 2736 9059 5078 1649 5244 
310 6706 9155 857 3728 8178 5195 8872 7986 1602 2736 9581 1638 6613 925 9139 2 3982 
368 4148 1323 1814 4953 7010 883 5195 2719 8351 155 5680 1299 2 
330 7463 7044 1347 9901 5195 8872 7986 1602 5714 7846 728 1299 8841 3023 6613 5962 925 9075 7296 2 2962 
491 6640 1298 9076 1514 2719 8351 7986 1602 2736 6188 6895 9848 5962 1668 
240 413 2998 5195 2719 8872 7986 1602 5714 7846 9581 1299 420 4909 6613 2 
389 8937 2510 2887 883 5195 2719 8872 8351 7986 9581 1299 9848 6613 2 2962 
278 9226 883 8872 8351 7986 1602 5714 7846 9059 1649 3023 6613 2569 5962 1668 3074 
259 2031 6317 9115 883 2719 8872 8351 7986 1602 1956 6895 1299 9848 8491 
258 6956 5737 107 883 5195 2719 8872 8351 1602 9581 2 
136 5755 2202 4166 883 7986 2736 5714 9059 5078 1649 5244 6057 7087 2569 7320 
309 7177 6854 4586 883 5195 8872 8351 7986 1602 5714 1956 2274 1299 3023 7087 2 
317 883 8388 6953 5195 2719 8872 8351 7986 2736 5714 7846 5917 3023 6613 1668 
314 8285 3526 5195 2719 8872 7986 1602 5714 1956 1299 5925 2704 3023 1668 3074 2 
154 4613 3857 1368 883 8872 7986 1602 2736 7846 9059 1299 9848 6613 2 
75 9096 3879 2391 883 2719 8872 7986 5714 9059 1299 420 4909 2 
455 6642 9326 8940 6873 883 5195 2719 8872 1414 155 3074 3936 2962 
214 3256 883 5195 2719 7986 1602 7846 5078 6057 1992 7909 9428 925 3074 6549 7413 2340 1750 7919 1534 
497 7843 5220 883 5195 8872 7986 1602 2736 5714 1956 9581 8512 7087 5962 1668 7296 2 
394 153 4578 9114 7880 8163 883 5195 2719 8872 7986 4079 6067 3074 2643 9842 
41 9507 883 7986 5714 7846 9059 5078 5244 7909 644 6549 752 2340 3835 4346 1534 8387 7652 2962 
486 5306 9238 443 5195 2719 7986 1602 2736 5714 9059 1299 1649 6613 2569 5962 
199 359 7801 6376 6997 2805 2719 8872 7986 1602 5714 5078 6613 1668 
379 5387 1685 7745 6928 5195 2719 8351 7986 1602 5714 7846 2274 1299 8841 3023 6613 1429 1668 9244 2 
133 3288 7635 6977 883 8872 8351 7986 5714 7846 5078 3023 925 3074 5451 7296 7413 2 
468 3039 8920 883 5195 2719 7986 2736 5714 7846 9059 1299 5925 3842 6613 5962 2 
465 3112 883 8351 7986 1602 2736 7846 9059 6057 1992 9605 9428 925 6549 7413 2340 3835 2422 3936 
290 1716 2688 3077 6826 9736 8041 883 5195 2719 4984 7713 4728 6613 
454 7463 5596 3779 6114 883 5195 2719 8872 7986 1602 6067 6895 1299 6613 5962 
495 8559 883 5195 7986 5714 9059 1649 1992 6253 752 4346 3720 5762 
72 3058 883 2719 8872 8351 7986 1602 5714 7846 9581 5925 3023 1429 
270 1320 689 9495 5195 2719 1602 5714 7846 9059 1649 6613 1784 925 2 
115 6127 1716 2719 8872 7986 9059 5078 1649 8512 3023 6613 1429 1668 3074 7296 
318 8208 7712 5851 7680 5195 7986 2736 5714 7846 447 6613 5962 
409 6030 2583 5144 9423 7178 883 2719 7986 5714 7846 9059 1649 3842 6613 1784 5962 1668 3074 2 2962 
132 7942 1202 883 5195 2719 8351 7986 1602 3562 6895 1299 420 1429 3074 9075 2962 
326 6851 5210 2719 8872 8351 7986 1602 2736 5078 1649 8512 7087 1429 2 3012 
412 9279 8748 9094 883 5195 8872 8351 1602 5714 9059 5078 5925 7087 1784 9075 
219 9784 8872 7986 1602 2736 9059 5078 5244 6057 1992 1668 2 
448 8850 7721 883 5195 7986 1602 9059 5078 1649 6057 644 3074 2764 6549 7413 7762 3982 8387 4035 
481 2850 8265 883 5195 8872 8351 7986 1602 2736 7846 9581 1299 5925 8512 6613 5962 925 
90 7352 2557 5195 2719 7986 1602 2736 5714 7846 2274 1299 8841 8512 3023 
407 2815 877 4599 883 5195 2719 7986 1602 2736 3006 6895 1299 8491 2 
215 7811 883 8351 7986 1602 2736 5714 1649 6057 1992 7909 644 7197 2340 1425 3982 8387 
95 1193 5195 2719 8872 8351 7986 1602 2736 5714 2274 8841 3023 6613 1668 3074 2 
